Removed Member From Class: ClassName=Main MCU Member=P?
Removed Member From Class: ClassName=Localization MCU Member=R?
Change Component Designator: OldDesignator=C? NewDesignator=C8
Change Component Designator: OldDesignator=C? NewDesignator=C9
Change Component Designator: OldDesignator=C? NewDesignator=C10
Change Component Designator: OldDesignator=J? NewDesignator=J1
Change Component Designator: OldDesignator=P? NewDesignator=P8
Change Component Designator: OldDesignator=P? NewDesignator=P9
Change Component Designator: OldDesignator=P? NewDesignator=P10
Change Component Designator: OldDesignator=P? NewDesignator=P11
Change Component Designator: OldDesignator=P? NewDesignator=P12
Change Component Designator: OldDesignator=Q? NewDesignator=Q1
Change Component Designator: OldDesignator=Q? NewDesignator=Q3
Change Component Designator: OldDesignator=R? NewDesignator=R1
Change Component Designator: OldDesignator=R? NewDesignator=R2
Change Component Designator: OldDesignator=R? NewDesignator=R3
Change Component Designator: OldDesignator=R? NewDesignator=R7
Change Component Designator: OldDesignator=R? NewDesignator=R8
Change Component Designator: OldDesignator=S? NewDesignator=S2
Change Component Designator: OldDesignator=U? NewDesignator=U5
Change Component Designator: OldDesignator=U? NewDesignator=U6
Change Component Designator: OldDesignator=Y? NewDesignator=Y2
Change Net Name : Old Net Name=NetC?_1 New Net Name=NetC10_1
Change Net Name : Old Net Name=NetJ?_2 New Net Name=NetJ1_2
Change Net Name : Old Net Name=NetJ?_3 New Net Name=NetJ1_3
Change Net Name : Old Net Name=NetP?_2 New Net Name=NetP9_2
Change Net Name : Old Net Name=NetP?_3 New Net Name=NetP12_3
Change Net Name : Old Net Name=NetP?_4 New Net Name=NetP12_4
Change Net Name : Old Net Name=NetP?_5 New Net Name=NetP10_5
Change Net Name : Old Net Name=NetQ?_1 New Net Name=NetQ3_1
Change Net Name : Old Net Name=NetR?_2 New Net Name=NetR1_2
Change Net Name : Old Net Name=NetU?_2 New Net Name=NetU5_31
Change Net Name : Old Net Name=NetU?_3 New Net Name=NetU5_30
Added Pin To Net: NetName=NetP8_2 Pin=P8-2
Added Pin To Net: NetName=NetP8_2 Pin=Q1-2
Added Net: Name=NetP8_2
Added Pin To Net: NetName=NetP11_3 Pin=P11-3
Added Pin To Net: NetName=NetP11_3 Pin=U5-32
Added Net: Name=NetP11_3
Added Pin To Net: NetName=NetP11_4 Pin=P11-4
Added Pin To Net: NetName=NetP11_4 Pin=U5-1
Added Net: Name=NetP11_4
Added Pin To Net: NetName=NetQ1_1 Pin=Q1-1
Added Pin To Net: NetName=NetQ1_1 Pin=R1-1
Added Pin To Net: NetName=NetQ1_1 Pin=R3-2
Added Net: Name=NetQ1_1
Added Pin To Net: NetName=NetR2_2 Pin=R2-2
Added Pin To Net: NetName=NetR2_2 Pin=U1-1
Added Net: Name=NetR2_2
Added Member To Class: ClassName=Localization MCU Member=Component C9 Cap Semi
Added Member To Class: ClassName=Localization MCU Member=Component C10 Cap Semi
Added Member To Class: ClassName=Main MCU Member=Component P8 Lights
Added Member To Class: ClassName=Main MCU Member=Component P9 Siren
Added Member To Class: ClassName=Localization MCU Member=Component P10 ISP
Added Member To Class: ClassName=Localization MCU Member=Component P11 Encoder1
Added Member To Class: ClassName=Main MCU Member=Component Q3 NMOS-2
Added Member To Class: ClassName=Main MCU Member=Component R1 Res1
Added Member To Class: ClassName=Main MCU Member=Component R3 Res1
Added Member To Class: ClassName=Main MCU Member=Component R7 Res1
Added Member To Class: ClassName=Localization MCU Member=Component R8 Res1
Added Member To Class: ClassName=Localization MCU Member=Component U5 MCU-ATMEGA8A-AU(TQFP32)
Added Room: Name=Localization MCU
Added Room: Name=Main MCU
